[cataloguefort-12345.my.canva.site/index.html]
[backblue.gif]
[fade.gif]
[index.html]
[cataloguefort-12345.my.canva.site/26387fa4f5b1e3f7b6217b27d79bf264.png]
[cataloguefort-12345.my.canva.site/2d0b56e7e51cf11036ad8734bdb67e2d.png]
[cataloguefort-12345.my.canva.site/725b756a69a7d4c235070e51acd85560.png]
[cataloguefort-12345.my.canva.site/fonts/02aa6cc8432f0f12f626f982da288a7b.woff2]
[cataloguefort-12345.my.canva.site/fonts/a26fb2e545ea4d91b9808446bd10482b.woff2]
[cataloguefort-12345.my.canva.site/fonts/a30ff10aec29f2ad579fc2efa707e619.woff2]
[cataloguefort-12345.my.canva.site/fonts/93216375a15a0334d096957c3f1f2f0f.woff2]
[cataloguefort-12345.my.canva.site/fonts/8f7934b3d45567e9cf1f541e008969a9.woff2]
[cataloguefort-12345.my.canva.site/fonts/9340013c7d177c83df1edab0cf96ac10.woff2]
[cataloguefort-12345.my.canva.site/fonts/e005df7c7c34fefde116ba9b5a0e51e1.woff2]
[cataloguefort-12345.my.canva.site/fonts/83b37f2dcbb18c810da7cfa915708210.woff2]
[cataloguefort-12345.my.canva.site/fonts/e0267351c63e1e2c76ee947553e966a6.woff2]
[cataloguefort-12345.my.canva.site/fonts/a8409fd6c00d1370e1ad44d9d597b6f2.woff2]
[cataloguefort-12345.my.canva.site/fonts/062fa4ef8b1568474cc1975f3582b629.woff2]
[cataloguefort-12345.my.canva.site/fonts/82b78e9e77419e3b85b52c16e75b4e1f.woff2]
[cataloguefort-12345.my.canva.site/fonts/025d62e35b5e01fffcd29d00f0cecd0e.woff2]
[cataloguefort-12345.my.canva.site/fonts/634ccd8b88d00da2d4292a7793a60a66.woff2]
[cataloguefort-12345.my.canva.site/fonts/f8f199f09526f79e87644ed227e0f651.woff2]
[cataloguefort-12345.my.canva.site/fonts/98c4d2c0223fc8474641c77f923528e9.woff2]
[cataloguefort-12345.my.canva.site/fonts/d257a7100844bc3f98c9021168b6249e.woff2]
[cataloguefort-12345.my.canva.site/fonts/1060345c54d396e76d73f1da7ee200bd.woff2]
[cataloguefort-12345.my.canva.site/images/812d05f1fd31a6c3343f9bcae497dfc3.svg]
[cataloguefort-12345.my.canva.site/'data_image/png;base64,']
[cataloguefort-12345.my.canva.site/images/cadc4f2d86d69cf8f406450ae7882849.png]
[cataloguefort-12345.my.canva.site/images/5cb204d499275ecd2cfb9dab13ce8297.jpg]
[cataloguefort-12345.my.canva.site/images/e18603c7010d922707d5f0b03bcfbf7b.png]
[cataloguefort-12345.my.canva.site/images/fcd8772eb36ab76081ef5f84091dae5a.png]
[cataloguefort-12345.my.canva.site/images/e4074355fb6bc22471642cac36fcb7f7.png]
[cataloguefort-12345.my.canva.site/images/71348a7ace26478980b3cfa8e1295c6b.svg]
[cataloguefort-12345.my.canva.site/images/8872d6ff56ef2c293af8ec1893dcca83.svg]
[cataloguefort-12345.my.canva.site/images/b2fe1a686058d5d24af6f04386d79b62.svg]
[cataloguefort-12345.my.canva.site/images/3e554b566529bfc6bf7caf9bff4dad02.svg]
[cataloguefort-12345.my.canva.site/images/a3c3e8fc6a28869ed2163e1c47d5f522.png]
[cataloguefort-12345.my.canva.site/js/939898b427480d700449229ff00dbb8a6f9f77442b532f697866e6914ab8843a.js]
[cataloguefort-12345.my.canva.site/index.html]
[cataloguefort-12345.my.canva.site/images/812d05f1fd31a6c3343f9bcae497dfc3.svg]
[cataloguefort-12345.my.canva.site/'data_image/png;base64,'.html]
[cataloguefort-12345.my.canva.site/images/71348a7ace26478980b3cfa8e1295c6b.svg]
[cataloguefort-12345.my.canva.site/images/8872d6ff56ef2c293af8ec1893dcca83.svg]
[cataloguefort-12345.my.canva.site/images/b2fe1a686058d5d24af6f04386d79b62.svg]
[cataloguefort-12345.my.canva.site/images/3e554b566529bfc6bf7caf9bff4dad02.svg]
[cataloguefort-12345.my.canva.site/js/388fb330498371d4935abbff11d34d4c30842ca3c4a128cdd290d29db98acb41.js]
